INFO	2023-03-01 16:30:53,195	 0	foundational.HelloThere.sayHelloThere(HelloThere.java:13)	started 
INFO	2023-03-01 16:30:53,197	 2	foundational.HelloThere.sayHelloThere(HelloThere.java:15)	ended 
INFO	2023-03-01 16:34:18,536	 0	foundational.HelloThere.sayHelloThere(HelloThere.java:13)	started 
INFO	2023-03-01 16:34:18,538	 2	foundational.HelloThere.sayHelloThere(HelloThere.java:15)	ended 
INFO	2023-03-01 16:38:15,860	 0	foundational.HelloThere.sayHelloThere(HelloThere.java:13)	started 
INFO	2023-03-01 16:38:15,862	 2	foundational.HelloThere.sayHelloThere(HelloThere.java:15)	ended 
INFO	2023-03-01 16:39:41,289	 0	foundational.HelloThere.sayHelloThere(HelloThere.java:13)	started 
INFO	2023-03-01 16:39:41,291	 2	foundational.HelloThere.sayHelloThere(HelloThere.java:15)	ended 
INFO	2023-03-01 16:40:38,506	 0	foundational.HelloThere.sayHelloThere(HelloThere.java:13)	started 
INFO	2023-03-01 16:40:38,509	 3	foundational.HelloThere.sayHelloThere(HelloThere.java:15)	ended 
INFO	2023-03-01 16:48:29,667	 0	foundational.HelloThere.sayHelloThere(HelloThere.java:13)	started 
INFO	2023-03-01 16:48:29,670	 3	foundational.HelloThere.sayHelloThere(HelloThere.java:15)	ended 
INFO	2023-03-01 16:52:16,040	 0	foundational.HelloThere.sayHelloThere(HelloThere.java:13)	started 
INFO	2023-03-01 16:52:16,043	 3	foundational.HelloThere.sayHelloThere(HelloThere.java:15)	ended 
INFO	2023-03-01 17:02:13,082	 0	foundational.HelloThere.sayHelloThere(HelloThere.java:13)	started 
INFO	2023-03-01 17:02:13,085	 3	foundational.HelloThere.sayHelloThere(HelloThere.java:15)	ended 
INFO	2023-03-01 17:04:28,239	 0	foundational.HelloThere.sayHelloThere(HelloThere.java:13)	started 
INFO	2023-03-01 17:04:29,120	881	foundational.HelloThere.sayHelloThere(HelloThere.java:15)	ended 
INFO	2023-03-01 17:07:16,596	 0	foundational.HelloThere.sayHelloThere(HelloThere.java:13)	started 
INFO	2023-03-01 17:07:16,601	 5	foundational.HelloThere.sayHelloThere(HelloThere.java:15)	ended 
INFO	2023-03-01 17:13:03,833	 0	foundational.HelloThere.sayHelloThere(HelloThere.java:13)	started 
INFO	2023-03-01 17:13:03,839	 6	foundational.HelloThere.sayHelloThere(HelloThere.java:15)	ended 
INFO	2023-03-01 17:14:12,849	 0	foundational.HelloThere.sayHelloThere(HelloThere.java:13)	started 
INFO	2023-03-01 17:14:12,855	 6	foundational.HelloThere.sayHelloThere(HelloThere.java:15)	ended 
INFO	2023-03-01 17:15:01,621	 0	foundational.HelloThere.sayHelloThere(HelloThere.java:13)	started 
INFO	2023-03-01 17:15:01,627	 6	foundational.HelloThere.sayHelloThere(HelloThere.java:15)	ended 
INFO	2023-03-01 17:15:42,657	 0	foundational.HelloThere.sayHelloThere(HelloThere.java:13)	started 
INFO	2023-03-01 17:15:42,665	 8	foundational.HelloThere.sayHelloThere(HelloThere.java:15)	ended 
INFO	2023-03-01 17:15:51,830	 0	foundational.HelloThere.sayHelloThere(HelloThere.java:13)	started 
INFO	2023-03-01 17:15:51,837	 7	foundational.HelloThere.sayHelloThere(HelloThere.java:15)	ended 
INFO	2023-03-01 17:17:34,657	 0	foundational.HelloThere.sayHelloThere(HelloThere.java:13)	started 
INFO	2023-03-01 17:17:34,666	 9	foundational.HelloThere.sayHelloThere(HelloThere.java:16)	ended 
INFO	2023-03-01 17:17:56,318	 0	foundational.HelloThere.sayHelloThere(HelloThere.java:13)	started 
INFO	2023-03-01 17:17:56,325	 7	foundational.HelloThere.sayHelloThere(HelloThere.java:17)	ended 
INFO	2023-03-01 17:18:22,062	 0	foundational.HelloThere.sayHelloThere(HelloThere.java:13)	started 
INFO	2023-03-01 17:18:22,069	 7	foundational.HelloThere.sayHelloThere(HelloThere.java:19)	ended 
INFO	2023-03-01 17:21:01,825	 0	foundational.HelloThere.sayHelloThere(HelloThere.java:13)	started 
INFO	2023-03-01 17:21:01,831	 6	foundational.HelloThere.sayHelloThere(HelloThere.java:19)	ended 
INFO	2023-03-01 17:21:08,026	 0	foundational.HelloThere.sayHelloThere(HelloThere.java:13)	started 
INFO	2023-03-01 17:21:08,034	 8	foundational.HelloThere.sayHelloThere(HelloThere.java:19)	ended 
INFO	2023-03-01 17:21:12,222	 0	foundational.HelloThere.sayHelloThere(HelloThere.java:13)	started 
INFO	2023-03-01 17:21:12,229	 7	foundational.HelloThere.sayHelloThere(HelloThere.java:19)	ended 
INFO	2023-03-01 17:22:12,892	 0	foundational.HelloThere.sayHelloThere(HelloThere.java:13)	started 
INFO	2023-03-01 17:22:12,899	 7	foundational.HelloThere.sayHelloThere(HelloThere.java:19)	ended 
INFO	2023-03-01 17:22:22,696	 0	foundational.HelloThere.sayHelloThere(HelloThere.java:13)	started 
INFO	2023-03-01 17:22:22,702	 6	foundational.HelloThere.sayHelloThere(HelloThere.java:19)	ended 
INFO	2023-03-01 17:23:58,674	 0	foundational.HelloThere.sayHelloThere(HelloThere.java:13)	started 
INFO	2023-03-01 17:23:58,679	 5	foundational.HelloThere.sayHelloThere(HelloThere.java:19)	ended 
INFO	2023-03-01 17:24:53,199	 0	foundational.HelloThere.sayHelloThere(HelloThere.java:13)	started 
INFO	2023-03-01 17:24:53,205	 6	foundational.HelloThere.sayHelloThere(HelloThere.java:19)	ended 
INFO	2023-03-01 17:25:31,092	 0	foundational.HelloThere.sayHelloThere(HelloThere.java:13)	started 
INFO	2023-03-01 17:25:31,099	 7	foundational.HelloThere.sayHelloThere(HelloThere.java:19)	ended 
INFO	2023-03-01 17:27:02,183	 0	foundational.HelloThere.sayHelloThere(HelloThere.java:13)	started 
INFO	2023-03-01 17:27:02,191	 8	foundational.HelloThere.sayHelloThere(HelloThere.java:19)	ended 
INFO	2023-03-01 17:27:44,236	 0	foundational.HelloThere.sayHelloThere(HelloThere.java:13)	started 
INFO	2023-03-01 17:27:44,243	 7	foundational.HelloThere.sayHelloThere(HelloThere.java:19)	ended 
INFO	2023-03-01 17:28:15,471	 0	foundational.HelloThere.sayHelloThere(HelloThere.java:13)	started 
INFO	2023-03-01 17:28:15,478	 7	foundational.HelloThere.sayHelloThere(HelloThere.java:19)	ended 
INFO	2023-03-01 17:29:06,877	 0	foundational.HelloThere.sayHelloThere(HelloThere.java:13)	started 
INFO	2023-03-01 17:29:06,883	 6	foundational.HelloThere.sayHelloThere(HelloThere.java:19)	ended 
INFO	2023-03-01 17:30:08,255	 0	foundational.HelloThere.sayHelloThere(HelloThere.java:13)	started 
INFO	2023-03-01 17:30:08,262	 7	foundational.HelloThere.sayHelloThere(HelloThere.java:19)	ended 
INFO	2023-03-01 17:30:29,820	 0	foundational.HelloThere.sayHelloThere(HelloThere.java:13)	started 
INFO	2023-03-01 17:30:29,826	 6	foundational.HelloThere.sayHelloThere(HelloThere.java:19)	ended 
INFO	2023-03-01 17:30:55,347	 0	foundational.HelloThere.sayHelloThere(HelloThere.java:13)	started 
INFO	2023-03-01 17:30:55,354	 7	foundational.HelloThere.sayHelloThere(HelloThere.java:19)	ended 
INFO	2023-03-01 17:31:05,368	 0	foundational.HelloThere.sayHelloThere(HelloThere.java:13)	started 
INFO	2023-03-01 17:31:05,374	 6	foundational.HelloThere.sayHelloThere(HelloThere.java:19)	ended 
INFO	2023-03-01 17:31:35,054	 0	foundational.HelloThere.sayHelloThere(HelloThere.java:13)	started 
INFO	2023-03-01 17:31:35,060	 6	foundational.HelloThere.sayHelloThere(HelloThere.java:19)	ended 
INFO	2023-03-01 17:31:51,265	 0	foundational.HelloThere.sayHelloThere(HelloThere.java:13)	started 
INFO	2023-03-01 17:31:51,272	 7	foundational.HelloThere.sayHelloThere(HelloThere.java:19)	ended 
INFO	2023-03-01 17:32:01,800	 0	foundational.HelloThere.sayHelloThere(HelloThere.java:13)	started 
INFO	2023-03-01 17:32:01,808	 8	foundational.HelloThere.sayHelloThere(HelloThere.java:19)	ended 
INFO	2023-03-01 17:35:09,458	 0	foundational.HelloThere.sayHelloThere(HelloThere.java:13)	started 
INFO	2023-03-01 17:35:09,465	 7	foundational.HelloThere.sayHelloThere(HelloThere.java:19)	ended 
INFO	2023-03-01 17:35:24,891	 0	foundational.HelloThere.sayHelloThere(HelloThere.java:13)	started 
INFO	2023-03-01 17:35:24,897	 6	foundational.HelloThere.sayHelloThere(HelloThere.java:19)	ended 
INFO	2023-03-01 17:35:49,790	 0	foundational.HelloThere.sayHelloThere(HelloThere.java:13)	started 
INFO	2023-03-01 17:35:49,795	 5	foundational.HelloThere.sayHelloThere(HelloThere.java:19)	ended 
INFO	2023-03-01 17:36:14,648	 0	foundational.HelloThere.sayHelloThere(HelloThere.java:13)	started 
INFO	2023-03-01 17:36:14,657	 9	foundational.HelloThere.sayHelloThere(HelloThere.java:19)	ended 
INFO	2023-03-01 17:36:19,606	 0	foundational.HelloThere.sayHelloThere(HelloThere.java:13)	started 
INFO	2023-03-01 17:36:19,612	 6	foundational.HelloThere.sayHelloThere(HelloThere.java:19)	ended 
INFO	2023-03-01 17:37:34,262	 0	foundational.HelloThere.sayHelloThere(HelloThere.java:13)	started 
INFO	2023-03-01 17:37:34,270	 8	foundational.HelloThere.sayHelloThere(HelloThere.java:19)	ended 
INFO	2023-03-01 17:37:44,266	 0	foundational.HelloThere.sayHelloThere(HelloThere.java:13)	started 
INFO	2023-03-01 17:37:44,275	 9	foundational.HelloThere.sayHelloThere(HelloThere.java:19)	ended 
INFO	2023-03-01 17:37:48,125	 0	foundational.HelloThere.sayHelloThere(HelloThere.java:13)	started 
INFO	2023-03-01 17:37:48,132	 7	foundational.HelloThere.sayHelloThere(HelloThere.java:19)	ended 
INFO	2023-03-01 17:37:51,426	 0	foundational.HelloThere.sayHelloThere(HelloThere.java:13)	started 
INFO	2023-03-01 17:37:51,433	 7	foundational.HelloThere.sayHelloThere(HelloThere.java:19)	ended 
INFO	2023-03-01 17:37:59,928	 0	foundational.HelloThere.sayHelloThere(HelloThere.java:13)	started 
INFO	2023-03-01 17:37:59,937	 9	foundational.HelloThere.sayHelloThere(HelloThere.java:19)	ended 
INFO	2023-03-01 17:38:04,281	 0	foundational.HelloThere.sayHelloThere(HelloThere.java:13)	started 
INFO	2023-03-01 17:38:04,288	 7	foundational.HelloThere.sayHelloThere(HelloThere.java:19)	ended 
INFO	2023-03-01 17:38:07,456	 0	foundational.HelloThere.sayHelloThere(HelloThere.java:13)	started 
INFO	2023-03-01 17:38:07,462	 6	foundational.HelloThere.sayHelloThere(HelloThere.java:19)	ended 
INFO	2023-03-01 17:38:12,934	 0	foundational.HelloThere.sayHelloThere(HelloThere.java:13)	started 
INFO	2023-03-01 17:38:12,941	 7	foundational.HelloThere.sayHelloThere(HelloThere.java:19)	ended 
INFO	2023-03-01 17:38:24,561	 0	foundational.HelloThere.sayHelloThere(HelloThere.java:13)	started 
INFO	2023-03-01 17:38:24,567	 6	foundational.HelloThere.sayHelloThere(HelloThere.java:19)	ended 
INFO	2023-03-01 17:38:30,824	 0	foundational.HelloThere.sayHelloThere(HelloThere.java:13)	started 
INFO	2023-03-01 17:38:30,831	 7	foundational.HelloThere.sayHelloThere(HelloThere.java:19)	ended 
INFO	2023-03-01 17:38:35,862	 0	foundational.HelloThere.sayHelloThere(HelloThere.java:13)	started 
INFO	2023-03-01 17:38:35,869	 7	foundational.HelloThere.sayHelloThere(HelloThere.java:19)	ended 
INFO	2023-03-01 17:38:40,511	 0	foundational.HelloThere.sayHelloThere(HelloThere.java:13)	started 
INFO	2023-03-01 17:38:40,518	 7	foundational.HelloThere.sayHelloThere(HelloThere.java:19)	ended 
INFO	2023-03-01 17:38:45,112	 0	foundational.HelloThere.sayHelloThere(HelloThere.java:13)	started 
INFO	2023-03-01 17:38:45,119	 7	foundational.HelloThere.sayHelloThere(HelloThere.java:19)	ended 
INFO	2023-03-01 17:39:02,560	 0	foundational.HelloThere.sayHelloThere(HelloThere.java:13)	started 
INFO	2023-03-01 17:39:02,566	 6	foundational.HelloThere.sayHelloThere(HelloThere.java:19)	ended 
INFO	2023-03-01 17:39:14,821	 0	foundational.HelloThere.sayHelloThere(HelloThere.java:13)	started 
INFO	2023-03-01 17:39:14,827	 6	foundational.HelloThere.sayHelloThere(HelloThere.java:19)	ended 
INFO	2023-03-01 17:39:21,931	 0	foundational.HelloThere.sayHelloThere(HelloThere.java:13)	started 
INFO	2023-03-01 17:39:21,937	 6	foundational.HelloThere.sayHelloThere(HelloThere.java:19)	ended 
INFO	2023-03-01 17:39:43,688	 0	foundational.HelloThere.sayHelloThere(HelloThere.java:13)	started 
INFO	2023-03-01 17:39:43,695	 7	foundational.HelloThere.sayHelloThere(HelloThere.java:19)	ended 
INFO	2023-03-01 17:39:53,918	 0	foundational.HelloThere.sayHelloThere(HelloThere.java:13)	started 
INFO	2023-03-01 17:39:53,924	 6	foundational.HelloThere.sayHelloThere(HelloThere.java:19)	ended 
INFO	2023-03-01 17:40:02,572	 0	foundational.HelloThere.sayHelloThere(HelloThere.java:13)	started 
INFO	2023-03-01 17:40:02,579	 7	foundational.HelloThere.sayHelloThere(HelloThere.java:19)	ended 
INFO	2023-03-01 17:40:05,168	 0	foundational.HelloThere.sayHelloThere(HelloThere.java:13)	started 
INFO	2023-03-01 17:40:05,175	 7	foundational.HelloThere.sayHelloThere(HelloThere.java:19)	ended 
INFO	2023-03-01 17:40:15,264	 0	foundational.HelloThere.sayHelloThere(HelloThere.java:13)	started 
INFO	2023-03-01 17:40:15,270	 6	foundational.HelloThere.sayHelloThere(HelloThere.java:19)	ended 
INFO	2023-03-01 17:40:32,353	 0	foundational.HelloThere.sayHelloThere(HelloThere.java:13)	started 
INFO	2023-03-01 17:40:32,360	 7	foundational.HelloThere.sayHelloThere(HelloThere.java:19)	ended 
INFO	2023-03-01 17:40:43,780	 0	foundational.HelloThere.sayHelloThere(HelloThere.java:13)	started 
INFO	2023-03-01 17:40:43,788	 8	foundational.HelloThere.sayHelloThere(HelloThere.java:19)	ended 
INFO	2023-03-01 17:42:33,260	 0	foundational.HelloThere.sayHelloThere(HelloThere.java:13)	started 
INFO	2023-03-01 17:42:33,266	 6	foundational.HelloThere.sayHelloThere(HelloThere.java:19)	ended 
INFO	2023-03-01 17:42:44,468	 1	foundational.HelloThere.sayHelloThere(HelloThere.java:13)	started 
INFO	2023-03-01 17:42:44,475	 8	foundational.HelloThere.sayHelloThere(HelloThere.java:19)	ended 
INFO	2023-03-01 17:42:59,422	 0	foundational.HelloThere.sayHelloThere(HelloThere.java:13)	started 
INFO	2023-03-01 17:42:59,430	 8	foundational.HelloThere.sayHelloThere(HelloThere.java:19)	ended 
INFO	2023-03-01 17:43:08,502	 0	foundational.HelloThere.sayHelloThere(HelloThere.java:13)	started 
INFO	2023-03-01 17:43:08,509	 7	foundational.HelloThere.sayHelloThere(HelloThere.java:19)	ended 
INFO	2023-03-01 17:43:13,133	 0	foundational.HelloThere.sayHelloThere(HelloThere.java:13)	started 
INFO	2023-03-01 17:43:13,141	 8	foundational.HelloThere.sayHelloThere(HelloThere.java:19)	ended 
INFO	2023-03-01 17:43:25,938	 0	foundational.HelloThere.sayHelloThere(HelloThere.java:13)	started 
INFO	2023-03-01 17:43:25,945	 7	foundational.HelloThere.sayHelloThere(HelloThere.java:19)	ended 
INFO	2023-03-01 17:43:37,058	 0	foundational.HelloThere.sayHelloThere(HelloThere.java:13)	started 
INFO	2023-03-01 17:43:37,066	 8	foundational.HelloThere.sayHelloThere(HelloThere.java:19)	ended 
INFO	2023-03-01 17:43:57,244	 0	foundational.HelloThere.sayHelloThere(HelloThere.java:13)	started 
INFO	2023-03-01 17:43:57,251	 7	foundational.HelloThere.sayHelloThere(HelloThere.java:19)	ended 
INFO	2023-03-01 17:44:20,556	 0	foundational.HelloThere.sayHelloThere(HelloThere.java:13)	started 
INFO	2023-03-01 17:44:20,561	 5	foundational.HelloThere.sayHelloThere(HelloThere.java:19)	ended 
INFO	2023-03-01 17:44:41,886	 0	foundational.HelloThere.sayHelloThere(HelloThere.java:13)	started 
INFO	2023-03-01 17:44:41,893	 7	foundational.HelloThere.sayHelloThere(HelloThere.java:19)	ended 
INFO	2023-03-01 17:44:51,890	 0	foundational.HelloThere.sayHelloThere(HelloThere.java:13)	started 
INFO	2023-03-01 17:44:51,897	 7	foundational.HelloThere.sayHelloThere(HelloThere.java:19)	ended 
INFO	2023-03-01 17:45:13,894	 0	foundational.HelloThere.sayHelloThere(HelloThere.java:13)	started 
INFO	2023-03-01 17:45:13,900	 6	foundational.HelloThere.sayHelloThere(HelloThere.java:19)	ended 
INFO	2023-03-01 17:45:34,755	 0	foundational.HelloThere.sayHelloThere(HelloThere.java:13)	started 
INFO	2023-03-01 17:45:34,761	 6	foundational.HelloThere.sayHelloThere(HelloThere.java:19)	ended 
INFO	2023-03-01 17:45:43,795	 0	foundational.HelloThere.sayHelloThere(HelloThere.java:13)	started 
INFO	2023-03-01 17:45:43,802	 7	foundational.HelloThere.sayHelloThere(HelloThere.java:19)	ended 
INFO	2023-03-01 17:45:52,697	 0	foundational.HelloThere.sayHelloThere(HelloThere.java:13)	started 
INFO	2023-03-01 17:45:52,704	 7	foundational.HelloThere.sayHelloThere(HelloThere.java:19)	ended 
INFO	2023-03-01 17:46:08,388	 0	foundational.HelloThere.sayHelloThere(HelloThere.java:13)	started 
INFO	2023-03-01 17:46:08,395	 7	foundational.HelloThere.sayHelloThere(HelloThere.java:19)	ended 
INFO	2023-03-01 17:46:49,957	 0	foundational.HelloThere.sayHelloThere(HelloThere.java:13)	started 
INFO	2023-03-01 17:46:49,963	 6	foundational.HelloThere.sayHelloThere(HelloThere.java:19)	ended 
INFO	2023-03-01 17:47:07,063	 1	foundational.HelloThere.sayHelloThere(HelloThere.java:13)	started 
INFO	2023-03-01 17:47:07,070	 8	foundational.HelloThere.sayHelloThere(HelloThere.java:19)	ended 
INFO	2023-03-01 17:48:26,000	 0	foundational.HelloThere.sayHelloThere(HelloThere.java:13)	started 
INFO	2023-03-01 17:48:26,006	 6	foundational.HelloThere.sayHelloThere(HelloThere.java:19)	ended 
INFO	2023-03-01 17:51:29,386	 0	foundational.HelloThere.sayHelloThere(HelloThere.java:13)	started 
INFO	2023-03-01 17:51:29,392	 6	foundational.HelloThere.sayHelloThere(HelloThere.java:15)	ended 
TRACE	2023-03-01 18:36:10,214	 0	foundational.LoggingDemo.main(LoggingDemo.java:10)	trace 
DEBUG	2023-03-01 18:36:10,223	 9	foundational.LoggingDemo.main(LoggingDemo.java:11)	debug 
INFO	2023-03-01 18:36:10,223	 9	foundational.LoggingDemo.main(LoggingDemo.java:12)	info 
WARN	2023-03-01 18:36:10,224	10	foundational.LoggingDemo.main(LoggingDemo.java:13)	warn 
ERROR	2023-03-01 18:36:10,224	10	foundational.LoggingDemo.main(LoggingDemo.java:14)	error 
TRACE	2023-03-01 18:36:46,904	 0	foundational.LoggingDemo.main(LoggingDemo.java:10)	trace 
DEBUG	2023-03-01 18:36:46,911	 7	foundational.LoggingDemo.main(LoggingDemo.java:11)	debug 
INFO	2023-03-01 18:36:46,911	 7	foundational.LoggingDemo.main(LoggingDemo.java:12)	info 
WARN	2023-03-01 18:36:46,912	 8	foundational.LoggingDemo.main(LoggingDemo.java:13)	warn 
ERROR	2023-03-01 18:36:46,913	 9	foundational.LoggingDemo.main(LoggingDemo.java:14)	error 
TRACE	2023-03-01 18:39:07,165	 0	foundational.LoggingDemo.main(LoggingDemo.java:10)	trace 
DEBUG	2023-03-01 18:39:07,171	 6	foundational.LoggingDemo.main(LoggingDemo.java:11)	debug 
INFO	2023-03-01 18:39:07,171	 6	foundational.LoggingDemo.main(LoggingDemo.java:12)	info 
WARN	2023-03-01 18:39:07,172	 7	foundational.LoggingDemo.main(LoggingDemo.java:13)	warn 
ERROR	2023-03-01 18:39:07,172	 7	foundational.LoggingDemo.main(LoggingDemo.java:14)	error 
TRACE	2023-03-01 18:39:12,029	 0	foundational.LoggingDemo.main(LoggingDemo.java:10)	trace 
DEBUG	2023-03-01 18:39:12,036	 7	foundational.LoggingDemo.main(LoggingDemo.java:11)	debug 
INFO	2023-03-01 18:39:12,036	 7	foundational.LoggingDemo.main(LoggingDemo.java:12)	info 
WARN	2023-03-01 18:39:12,037	 8	foundational.LoggingDemo.main(LoggingDemo.java:13)	warn 
ERROR	2023-03-01 18:39:12,037	 8	foundational.LoggingDemo.main(LoggingDemo.java:14)	error 
TRACE	2023-03-01 18:39:20,204	 0	foundational.LoggingDemo.main(LoggingDemo.java:10)	trace 
DEBUG	2023-03-01 18:39:20,211	 7	foundational.LoggingDemo.main(LoggingDemo.java:11)	debug 
INFO	2023-03-01 18:39:20,212	 8	foundational.LoggingDemo.main(LoggingDemo.java:12)	info 
WARN	2023-03-01 18:39:20,212	 8	foundational.LoggingDemo.main(LoggingDemo.java:13)	warn 
ERROR	2023-03-01 18:39:20,213	 9	foundational.LoggingDemo.main(LoggingDemo.java:14)	error 
TRACE	2023-03-01 18:39:29,513	 0	foundational.LoggingDemo.main(LoggingDemo.java:10)	trace 
DEBUG	2023-03-01 18:39:29,521	 8	foundational.LoggingDemo.main(LoggingDemo.java:11)	debug 
INFO	2023-03-01 18:39:29,521	 8	foundational.LoggingDemo.main(LoggingDemo.java:12)	info 
WARN	2023-03-01 18:39:29,521	 8	foundational.LoggingDemo.main(LoggingDemo.java:13)	warn 
ERROR	2023-03-01 18:39:29,521	 8	foundational.LoggingDemo.main(LoggingDemo.java:14)	error 
TRACE	2023-03-01 18:39:38,662	 0	foundational.LoggingDemo.main(LoggingDemo.java:10)	trace 
DEBUG	2023-03-01 18:39:38,669	 7	foundational.LoggingDemo.main(LoggingDemo.java:11)	debug 
INFO	2023-03-01 18:39:38,670	 8	foundational.LoggingDemo.main(LoggingDemo.java:12)	info 
WARN	2023-03-01 18:39:38,670	 8	foundational.LoggingDemo.main(LoggingDemo.java:13)	warn 
ERROR	2023-03-01 18:39:38,670	 8	foundational.LoggingDemo.main(LoggingDemo.java:14)	error 
TRACE	2023-03-01 18:39:43,394	 0	foundational.LoggingDemo.main(LoggingDemo.java:10)	trace 
DEBUG	2023-03-01 18:39:43,400	 6	foundational.LoggingDemo.main(LoggingDemo.java:11)	debug 
INFO	2023-03-01 18:39:43,400	 6	foundational.LoggingDemo.main(LoggingDemo.java:12)	info 
WARN	2023-03-01 18:39:43,400	 6	foundational.LoggingDemo.main(LoggingDemo.java:13)	warn 
ERROR	2023-03-01 18:39:43,401	 7	foundational.LoggingDemo.main(LoggingDemo.java:14)	error 
TRACE	2023-03-01 18:39:45,919	 0	foundational.LoggingDemo.main(LoggingDemo.java:10)	trace 
DEBUG	2023-03-01 18:39:45,926	 7	foundational.LoggingDemo.main(LoggingDemo.java:11)	debug 
INFO	2023-03-01 18:39:45,927	 8	foundational.LoggingDemo.main(LoggingDemo.java:12)	info 
WARN	2023-03-01 18:39:45,928	 9	foundational.LoggingDemo.main(LoggingDemo.java:13)	warn 
ERROR	2023-03-01 18:39:45,928	 9	foundational.LoggingDemo.main(LoggingDemo.java:14)	error 
TRACE	2023-03-01 18:39:49,285	 0	foundational.LoggingDemo.main(LoggingDemo.java:10)	trace 
DEBUG	2023-03-01 18:39:49,291	 6	foundational.LoggingDemo.main(LoggingDemo.java:11)	debug 
INFO	2023-03-01 18:39:49,292	 7	foundational.LoggingDemo.main(LoggingDemo.java:12)	info 
WARN	2023-03-01 18:39:49,292	 7	foundational.LoggingDemo.main(LoggingDemo.java:13)	warn 
ERROR	2023-03-01 18:39:49,292	 7	foundational.LoggingDemo.main(LoggingDemo.java:14)	error 
TRACE	2023-03-01 18:39:53,111	 0	foundational.LoggingDemo.main(LoggingDemo.java:10)	trace 
DEBUG	2023-03-01 18:39:53,118	 7	foundational.LoggingDemo.main(LoggingDemo.java:11)	debug 
INFO	2023-03-01 18:39:53,118	 7	foundational.LoggingDemo.main(LoggingDemo.java:12)	info 
WARN	2023-03-01 18:39:53,118	 7	foundational.LoggingDemo.main(LoggingDemo.java:13)	warn 
ERROR	2023-03-01 18:39:53,118	 7	foundational.LoggingDemo.main(LoggingDemo.java:14)	error 
TRACE	2023-03-01 18:39:56,995	 0	foundational.LoggingDemo.main(LoggingDemo.java:10)	trace 
DEBUG	2023-03-01 18:39:57,001	 6	foundational.LoggingDemo.main(LoggingDemo.java:11)	debug 
INFO	2023-03-01 18:39:57,002	 7	foundational.LoggingDemo.main(LoggingDemo.java:12)	info 
WARN	2023-03-01 18:39:57,003	 8	foundational.LoggingDemo.main(LoggingDemo.java:13)	warn 
ERROR	2023-03-01 18:39:57,003	 8	foundational.LoggingDemo.main(LoggingDemo.java:14)	error 
TRACE	2023-03-01 18:40:01,693	 0	foundational.LoggingDemo.main(LoggingDemo.java:10)	trace 
DEBUG	2023-03-01 18:40:01,700	 7	foundational.LoggingDemo.main(LoggingDemo.java:11)	debug 
INFO	2023-03-01 18:40:01,700	 7	foundational.LoggingDemo.main(LoggingDemo.java:12)	info 
WARN	2023-03-01 18:40:01,701	 8	foundational.LoggingDemo.main(LoggingDemo.java:13)	warn 
ERROR	2023-03-01 18:40:01,702	 9	foundational.LoggingDemo.main(LoggingDemo.java:14)	error 
TRACE	2023-03-01 18:40:05,671	 0	foundational.LoggingDemo.main(LoggingDemo.java:10)	trace 
DEBUG	2023-03-01 18:40:05,678	 7	foundational.LoggingDemo.main(LoggingDemo.java:11)	debug 
INFO	2023-03-01 18:40:05,678	 7	foundational.LoggingDemo.main(LoggingDemo.java:12)	info 
WARN	2023-03-01 18:40:05,679	 8	foundational.LoggingDemo.main(LoggingDemo.java:13)	warn 
ERROR	2023-03-01 18:40:05,679	 8	foundational.LoggingDemo.main(LoggingDemo.java:14)	error 
TRACE	2023-03-01 18:40:10,194	 0	foundational.LoggingDemo.main(LoggingDemo.java:10)	trace 
DEBUG	2023-03-01 18:40:10,201	 7	foundational.LoggingDemo.main(LoggingDemo.java:11)	debug 
INFO	2023-03-01 18:40:10,201	 7	foundational.LoggingDemo.main(LoggingDemo.java:12)	info 
WARN	2023-03-01 18:40:10,202	 8	foundational.LoggingDemo.main(LoggingDemo.java:13)	warn 
ERROR	2023-03-01 18:40:10,203	 9	foundational.LoggingDemo.main(LoggingDemo.java:14)	error 
TRACE	2023-03-01 18:40:13,494	 0	foundational.LoggingDemo.main(LoggingDemo.java:10)	trace 
DEBUG	2023-03-01 18:40:13,501	 7	foundational.LoggingDemo.main(LoggingDemo.java:11)	debug 
INFO	2023-03-01 18:40:13,502	 8	foundational.LoggingDemo.main(LoggingDemo.java:12)	info 
WARN	2023-03-01 18:40:13,502	 8	foundational.LoggingDemo.main(LoggingDemo.java:13)	warn 
ERROR	2023-03-01 18:40:13,502	 8	foundational.LoggingDemo.main(LoggingDemo.java:14)	error 
TRACE	2023-03-01 18:40:16,436	 0	foundational.LoggingDemo.main(LoggingDemo.java:10)	trace 
DEBUG	2023-03-01 18:40:16,442	 6	foundational.LoggingDemo.main(LoggingDemo.java:11)	debug 
INFO	2023-03-01 18:40:16,443	 7	foundational.LoggingDemo.main(LoggingDemo.java:12)	info 
WARN	2023-03-01 18:40:16,444	 8	foundational.LoggingDemo.main(LoggingDemo.java:13)	warn 
ERROR	2023-03-01 18:40:16,445	 9	foundational.LoggingDemo.main(LoggingDemo.java:14)	error 
TRACE	2023-03-01 18:40:21,661	 0	foundational.LoggingDemo.main(LoggingDemo.java:10)	trace 
DEBUG	2023-03-01 18:40:21,667	 6	foundational.LoggingDemo.main(LoggingDemo.java:11)	debug 
INFO	2023-03-01 18:40:21,668	 7	foundational.LoggingDemo.main(LoggingDemo.java:12)	info 
WARN	2023-03-01 18:40:21,668	 7	foundational.LoggingDemo.main(LoggingDemo.java:13)	warn 
ERROR	2023-03-01 18:40:21,669	 8	foundational.LoggingDemo.main(LoggingDemo.java:14)	error 
TRACE	2023-03-01 18:40:25,015	 0	foundational.LoggingDemo.main(LoggingDemo.java:10)	trace 
DEBUG	2023-03-01 18:40:25,022	 7	foundational.LoggingDemo.main(LoggingDemo.java:11)	debug 
INFO	2023-03-01 18:40:25,023	 8	foundational.LoggingDemo.main(LoggingDemo.java:12)	info 
WARN	2023-03-01 18:40:25,023	 8	foundational.LoggingDemo.main(LoggingDemo.java:13)	warn 
ERROR	2023-03-01 18:40:25,024	 9	foundational.LoggingDemo.main(LoggingDemo.java:14)	error 
TRACE	2023-03-01 18:40:29,615	 0	foundational.LoggingDemo.main(LoggingDemo.java:10)	trace 
DEBUG	2023-03-01 18:40:29,621	 6	foundational.LoggingDemo.main(LoggingDemo.java:11)	debug 
INFO	2023-03-01 18:40:29,622	 7	foundational.LoggingDemo.main(LoggingDemo.java:12)	info 
WARN	2023-03-01 18:40:29,622	 7	foundational.LoggingDemo.main(LoggingDemo.java:13)	warn 
ERROR	2023-03-01 18:40:29,622	 7	foundational.LoggingDemo.main(LoggingDemo.java:14)	error 
TRACE	2023-03-01 18:40:46,880	 0	foundational.LoggingDemo.main(LoggingDemo.java:10)	trace 
DEBUG	2023-03-01 18:40:46,886	 6	foundational.LoggingDemo.main(LoggingDemo.java:11)	debug 
INFO	2023-03-01 18:40:46,887	 7	foundational.LoggingDemo.main(LoggingDemo.java:12)	info 
WARN	2023-03-01 18:40:46,887	 7	foundational.LoggingDemo.main(LoggingDemo.java:13)	warn 
ERROR	2023-03-01 18:40:46,887	 7	foundational.LoggingDemo.main(LoggingDemo.java:14)	error 
TRACE	2023-03-01 18:40:52,635	 0	foundational.LoggingDemo.main(LoggingDemo.java:10)	trace 
DEBUG	2023-03-01 18:40:52,643	 8	foundational.LoggingDemo.main(LoggingDemo.java:11)	debug 
INFO	2023-03-01 18:40:52,644	 9	foundational.LoggingDemo.main(LoggingDemo.java:12)	info 
WARN	2023-03-01 18:40:52,644	 9	foundational.LoggingDemo.main(LoggingDemo.java:13)	warn 
ERROR	2023-03-01 18:40:52,645	10	foundational.LoggingDemo.main(LoggingDemo.java:14)	error 
TRACE	2023-03-01 18:40:56,086	 0	foundational.LoggingDemo.main(LoggingDemo.java:10)	trace 
DEBUG	2023-03-01 18:40:56,095	 9	foundational.LoggingDemo.main(LoggingDemo.java:11)	debug 
INFO	2023-03-01 18:40:56,096	10	foundational.LoggingDemo.main(LoggingDemo.java:12)	info 
WARN	2023-03-01 18:40:56,096	10	foundational.LoggingDemo.main(LoggingDemo.java:13)	warn 
ERROR	2023-03-01 18:40:56,097	11	foundational.LoggingDemo.main(LoggingDemo.java:14)	error 
TRACE	2023-03-01 18:41:00,743	 0	foundational.LoggingDemo.main(LoggingDemo.java:10)	trace 
DEBUG	2023-03-01 18:41:00,750	 7	foundational.LoggingDemo.main(LoggingDemo.java:11)	debug 
INFO	2023-03-01 18:41:00,751	 8	foundational.LoggingDemo.main(LoggingDemo.java:12)	info 
WARN	2023-03-01 18:41:00,751	 8	foundational.LoggingDemo.main(LoggingDemo.java:13)	warn 
ERROR	2023-03-01 18:41:00,752	 9	foundational.LoggingDemo.main(LoggingDemo.java:14)	error 
TRACE	2023-03-01 18:41:31,758	 0	foundational.LoggingDemo.main(LoggingDemo.java:10)	trace 
DEBUG	2023-03-01 18:41:31,765	 7	foundational.LoggingDemo.main(LoggingDemo.java:11)	debug 
INFO	2023-03-01 18:41:31,766	 8	foundational.LoggingDemo.main(LoggingDemo.java:12)	info 
WARN	2023-03-01 18:41:31,766	 8	foundational.LoggingDemo.main(LoggingDemo.java:13)	warn 
ERROR	2023-03-01 18:41:31,766	 8	foundational.LoggingDemo.main(LoggingDemo.java:14)	error 
TRACE	2023-03-01 18:41:37,958	 0	foundational.LoggingDemo.main(LoggingDemo.java:10)	trace 
DEBUG	2023-03-01 18:41:37,965	 7	foundational.LoggingDemo.main(LoggingDemo.java:11)	debug 
INFO	2023-03-01 18:41:37,966	 8	foundational.LoggingDemo.main(LoggingDemo.java:12)	info 
WARN	2023-03-01 18:41:37,966	 8	foundational.LoggingDemo.main(LoggingDemo.java:13)	warn 
ERROR	2023-03-01 18:41:37,966	 8	foundational.LoggingDemo.main(LoggingDemo.java:14)	error 
TRACE	2023-03-01 18:41:42,655	 0	foundational.LoggingDemo.main(LoggingDemo.java:10)	trace 
DEBUG	2023-03-01 18:41:42,662	 7	foundational.LoggingDemo.main(LoggingDemo.java:11)	debug 
INFO	2023-03-01 18:41:42,663	 8	foundational.LoggingDemo.main(LoggingDemo.java:12)	info 
WARN	2023-03-01 18:41:42,663	 8	foundational.LoggingDemo.main(LoggingDemo.java:13)	warn 
ERROR	2023-03-01 18:41:42,663	 8	foundational.LoggingDemo.main(LoggingDemo.java:14)	error 
TRACE	2023-03-01 18:44:49,054	 0	foundational.LoggingDemo.main(LoggingDemo.java:10)	trace 
DEBUG	2023-03-01 18:44:49,061	 7	foundational.LoggingDemo.main(LoggingDemo.java:11)	debug 
INFO	2023-03-01 18:44:49,062	 8	foundational.LoggingDemo.main(LoggingDemo.java:12)	info 
WARN	2023-03-01 18:44:49,062	 8	foundational.LoggingDemo.main(LoggingDemo.java:13)	warn 
ERROR	2023-03-01 18:44:49,062	 8	foundational.LoggingDemo.main(LoggingDemo.java:14)	error 
TRACE	2023-03-01 18:44:55,608	 0	foundational.LoggingDemo.main(LoggingDemo.java:10)	trace 
DEBUG	2023-03-01 18:44:55,616	 8	foundational.LoggingDemo.main(LoggingDemo.java:11)	debug 
INFO	2023-03-01 18:44:55,616	 8	foundational.LoggingDemo.main(LoggingDemo.java:12)	info 
WARN	2023-03-01 18:44:55,617	 9	foundational.LoggingDemo.main(LoggingDemo.java:13)	warn 
ERROR	2023-03-01 18:44:55,617	 9	foundational.LoggingDemo.main(LoggingDemo.java:14)	error 
TRACE	2023-03-01 18:45:00,374	 0	foundational.LoggingDemo.main(LoggingDemo.java:10)	trace 
DEBUG	2023-03-01 18:45:00,380	 6	foundational.LoggingDemo.main(LoggingDemo.java:11)	debug 
INFO	2023-03-01 18:45:00,381	 7	foundational.LoggingDemo.main(LoggingDemo.java:12)	info 
WARN	2023-03-01 18:45:00,382	 8	foundational.LoggingDemo.main(LoggingDemo.java:13)	warn 
ERROR	2023-03-01 18:45:00,382	 8	foundational.LoggingDemo.main(LoggingDemo.java:14)	error 
TRACE	2023-03-01 18:45:34,130	 0	foundational.LoggingDemo.main(LoggingDemo.java:10)	trace 
DEBUG	2023-03-01 18:45:34,137	 7	foundational.LoggingDemo.main(LoggingDemo.java:11)	debug 
INFO	2023-03-01 18:45:34,138	 8	foundational.LoggingDemo.main(LoggingDemo.java:12)	info 
WARN	2023-03-01 18:45:34,138	 8	foundational.LoggingDemo.main(LoggingDemo.java:13)	warn 
ERROR	2023-03-01 18:45:34,138	 8	foundational.LoggingDemo.main(LoggingDemo.java:14)	error 
TRACE	2023-03-01 18:45:38,181	 0	foundational.LoggingDemo.main(LoggingDemo.java:10)	trace 
DEBUG	2023-03-01 18:45:38,189	 8	foundational.LoggingDemo.main(LoggingDemo.java:11)	debug 
INFO	2023-03-01 18:45:38,189	 8	foundational.LoggingDemo.main(LoggingDemo.java:12)	info 
WARN	2023-03-01 18:45:38,189	 8	foundational.LoggingDemo.main(LoggingDemo.java:13)	warn 
ERROR	2023-03-01 18:45:38,190	 9	foundational.LoggingDemo.main(LoggingDemo.java:14)	error 
TRACE	2023-03-01 18:45:42,745	 0	foundational.LoggingDemo.main(LoggingDemo.java:10)	trace 
DEBUG	2023-03-01 18:45:42,751	 6	foundational.LoggingDemo.main(LoggingDemo.java:11)	debug 
INFO	2023-03-01 18:45:42,751	 6	foundational.LoggingDemo.main(LoggingDemo.java:12)	info 
WARN	2023-03-01 18:45:42,752	 7	foundational.LoggingDemo.main(LoggingDemo.java:13)	warn 
ERROR	2023-03-01 18:45:42,752	 7	foundational.LoggingDemo.main(LoggingDemo.java:14)	error 
TRACE	2023-03-01 18:45:47,044	 0	foundational.LoggingDemo.main(LoggingDemo.java:10)	trace 
DEBUG	2023-03-01 18:45:47,051	 7	foundational.LoggingDemo.main(LoggingDemo.java:11)	debug 
INFO	2023-03-01 18:45:47,052	 8	foundational.LoggingDemo.main(LoggingDemo.java:12)	info 
WARN	2023-03-01 18:45:47,052	 8	foundational.LoggingDemo.main(LoggingDemo.java:13)	warn 
ERROR	2023-03-01 18:45:47,052	 8	foundational.LoggingDemo.main(LoggingDemo.java:14)	error 
TRACE	2023-03-01 18:45:50,959	 1	foundational.LoggingDemo.main(LoggingDemo.java:10)	trace 
DEBUG	2023-03-01 18:45:50,965	 7	foundational.LoggingDemo.main(LoggingDemo.java:11)	debug 
INFO	2023-03-01 18:45:50,965	 7	foundational.LoggingDemo.main(LoggingDemo.java:12)	info 
WARN	2023-03-01 18:45:50,965	 7	foundational.LoggingDemo.main(LoggingDemo.java:13)	warn 
ERROR	2023-03-01 18:45:50,966	 8	foundational.LoggingDemo.main(LoggingDemo.java:14)	error 
TRACE	2023-03-01 18:49:48,599	 0	foundational.LoggingDemo.main(LoggingDemo.java:10)	trace 
DEBUG	2023-03-01 18:49:48,606	 7	foundational.LoggingDemo.main(LoggingDemo.java:11)	debug 
INFO	2023-03-01 18:49:48,607	 8	foundational.LoggingDemo.main(LoggingDemo.java:12)	info 
WARN	2023-03-01 18:49:48,607	 8	foundational.LoggingDemo.main(LoggingDemo.java:13)	warn 
ERROR	2023-03-01 18:49:48,608	 9	foundational.LoggingDemo.main(LoggingDemo.java:14)	error 
TRACE	2023-03-01 18:49:53,137	 0	foundational.LoggingDemo.main(LoggingDemo.java:10)	trace 
DEBUG	2023-03-01 18:49:53,144	 7	foundational.LoggingDemo.main(LoggingDemo.java:11)	debug 
INFO	2023-03-01 18:49:53,144	 7	foundational.LoggingDemo.main(LoggingDemo.java:12)	info 
WARN	2023-03-01 18:49:53,145	 8	foundational.LoggingDemo.main(LoggingDemo.java:13)	warn 
ERROR	2023-03-01 18:49:53,145	 8	foundational.LoggingDemo.main(LoggingDemo.java:14)	error 
TRACE	2023-03-01 18:50:36,442	 0	foundational.LoggingDemo.main(LoggingDemo.java:10)	trace 
DEBUG	2023-03-01 18:50:36,448	 6	foundational.LoggingDemo.main(LoggingDemo.java:11)	debug 
INFO	2023-03-01 18:50:36,449	 7	foundational.LoggingDemo.main(LoggingDemo.java:12)	info 
WARN	2023-03-01 18:50:36,449	 7	foundational.LoggingDemo.main(LoggingDemo.java:13)	warn 
ERROR	2023-03-01 18:50:36,449	 7	foundational.LoggingDemo.main(LoggingDemo.java:14)	error 
TRACE	2023-03-01 18:52:52,785	 0	foundational.LoggingDemo.main(LoggingDemo.java:10)	trace 
DEBUG	2023-03-01 18:52:52,791	 6	foundational.LoggingDemo.main(LoggingDemo.java:11)	debug 
INFO	2023-03-01 18:52:52,792	 7	foundational.LoggingDemo.main(LoggingDemo.java:12)	info 
WARN	2023-03-01 18:52:52,792	 7	foundational.LoggingDemo.main(LoggingDemo.java:13)	warn 
ERROR	2023-03-01 18:52:52,792	 7	foundational.LoggingDemo.main(LoggingDemo.java:14)	error 
TRACE	2023-03-01 19:07:28,759	 0	foundational.LoggingDemo.main(LoggingDemo.java:10)	trace 
DEBUG	2023-03-01 19:07:28,767	 8	foundational.LoggingDemo.main(LoggingDemo.java:11)	debug 
INFO	2023-03-01 19:07:28,767	 8	foundational.LoggingDemo.main(LoggingDemo.java:12)	info 
WARN	2023-03-01 19:07:28,768	 9	foundational.LoggingDemo.main(LoggingDemo.java:13)	warn 
ERROR	2023-03-01 19:07:28,768	 9	foundational.LoggingDemo.main(LoggingDemo.java:14)	error 
